bin\Debug\RWMP5.ilk
bin\Debug\RWMP5.pdb
C:\USERS\JONS\DESKTOP\RWMP5\RWMP5\RWMP5\BIN\DEBUG\RWMP5.EXE
C:\USERS\JONS\DESKTOP\RWMP5\RWMP5\RWMP5\BIN\DEBUG\RWMP5.ILK
C:\USERS\JONS\DESKTOP\RWMP5\RWMP5\RWMP5\BIN\DEBUG\RWMP5.PDB
C:\USERS\JONS\DESKTOP\RWMP5\RWMP5\RWMP5\OBJ\DEBUG\BASEGAMEENTITY.OBJ
C:\USERS\JONS\DESKTOP\RWMP5\RWMP5\RWMP5\OBJ\DEBUG\BOXMANAGER.OBJ
C:\USERS\JONS\DESKTOP\RWMP5\RWMP5\RWMP5\OBJ\DEBUG\BOXOBJECT.OBJ
C:\Users\Jons\Desktop\RWMP5\RWMP5\RWMP5\obj\Debug\cl.command.1.tlog
C:\Users\Jons\Desktop\RWMP5\RWMP5\RWMP5\obj\Debug\CL.read.1.tlog
C:\Users\Jons\Desktop\RWMP5\RWMP5\RWMP5\obj\Debug\CL.write.1.tlog
C:\USERS\JONS\DESKTOP\RWMP5\RWMP5\RWMP5\OBJ\DEBUG\CONTACTLISTENER.OBJ
C:\USERS\JONS\DESKTOP\RWMP5\RWMP5\RWMP5\OBJ\DEBUG\HKBODYFACTORY.OBJ
C:\Users\Jons\Desktop\RWMP5\RWMP5\RWMP5\obj\Debug\link.5048.read.1.tlog
C:\Users\Jons\Desktop\RWMP5\RWMP5\RWMP5\obj\Debug\link.5048.write.1.tlog
C:\Users\Jons\Desktop\RWMP5\RWMP5\RWMP5\obj\Debug\link.5048-cvtres.read.1.tlog
C:\Users\Jons\Desktop\RWMP5\RWMP5\RWMP5\obj\Debug\link.5048-cvtres.write.1.tlog
C:\Users\Jons\Desktop\RWMP5\RWMP5\RWMP5\obj\Debug\link.command.1.tlog
C:\Users\Jons\Desktop\RWMP5\RWMP5\RWMP5\obj\Debug\link.read.1.tlog
C:\Users\Jons\Desktop\RWMP5\RWMP5\RWMP5\obj\Debug\link.write.1.tlog
C:\Users\Jons\Desktop\RWMP5\RWMP5\RWMP5\obj\Debug\link-cvtres.read.1.tlog
C:\Users\Jons\Desktop\RWMP5\RWMP5\RWMP5\obj\Debug\link-cvtres.write.1.tlog
C:\Users\Jons\Desktop\RWMP5\RWMP5\RWMP5\obj\Debug\mt.command.1.tlog
C:\Users\Jons\Desktop\RWMP5\RWMP5\RWMP5\obj\Debug\mt.read.1.tlog
C:\Users\Jons\Desktop\RWMP5\RWMP5\RWMP5\obj\Debug\mt.write.1.tlog
C:\USERS\JONS\DESKTOP\RWMP5\RWMP5\RWMP5\OBJ\DEBUG\PHYSICS.OBJ
C:\USERS\JONS\DESKTOP\RWMP5\RWMP5\RWMP5\OBJ\DEBUG\PLATFORM.OBJ
C:\USERS\JONS\DESKTOP\RWMP5\RWMP5\RWMP5\OBJ\DEBUG\PLAYER.OBJ
C:\USERS\JONS\DESKTOP\RWMP5\RWMP5\RWMP5\OBJ\DEBUG\PRESSUREPAD.OBJ
C:\Users\Jons\Desktop\RWMP5\RWMP5\RWMP5\obj\Debug\rc.command.1.tlog
C:\Users\Jons\Desktop\RWMP5\RWMP5\RWMP5\obj\Debug\rc.read.1.tlog
C:\Users\Jons\Desktop\RWMP5\RWMP5\RWMP5\obj\Debug\rc.write.1.tlog
C:\USERS\JONS\DESKTOP\RWMP5\RWMP5\RWMP5\OBJ\DEBUG\RWMP5.EXE.EMBED.MANIFEST
C:\USERS\JONS\DESKTOP\RWMP5\RWMP5\RWMP5\OBJ\DEBUG\RWMP5.EXE.EMBED.MANIFEST.RES
C:\USERS\JONS\DESKTOP\RWMP5\RWMP5\RWMP5\OBJ\DEBUG\RWMP5.EXE.INTERMEDIATE.MANIFEST
C:\USERS\JONS\DESKTOP\RWMP5\RWMP5\RWMP5\OBJ\DEBUG\RWMP5.OBJ
C:\USERS\JONS\DESKTOP\RWMP5\RWMP5\RWMP5\OBJ\DEBUG\RWMP5.RES
C:\Users\Jons\Desktop\RWMP5\RWMP5\RWMP5\obj\Debug\RWMP5_manifest.rc
C:\USERS\JONS\DESKTOP\RWMP5\RWMP5\RWMP5\OBJ\DEBUG\SPHEREMANAGER.OBJ
C:\USERS\JONS\DESKTOP\RWMP5\RWMP5\RWMP5\OBJ\DEBUG\SPHEREOBJECT.OBJ
C:\USERS\JONS\DESKTOP\RWMP5\RWMP5\RWMP5\OBJ\DEBUG\TIMER.OBJ
C:\USERS\JONS\DESKTOP\RWMP5\RWMP5\RWMP5\OBJ\DEBUG\UNIQUEIDGENERATOR.OBJ
C:\Users\Jons\Desktop\RWMP5\RWMP5\RWMP5\obj\Debug\vc100.idb
C:\USERS\JONS\DESKTOP\RWMP5\RWMP5\RWMP5\OBJ\DEBUG\VC100.PDB
