Build started 28/02/2012 00:55:42.
     1>Project "C:\Users\Jons\Desktop\RWMP5\RWMP5\RWMP5\RWMP5.vcxproj" on node 2 (build target(s)).
     1>InitializeBuildStatus:
         Creating "obj\Debug\RWMP5.unsuccessfulbuild" because "AlwaysCreate" was specified.
       ClCompile:
         C:\Program Files (x86)\Microsoft Visual Studio 10.0\VC\bin\CL.exe /c /Iinclude /I"C:\OgreSDK_vc10_v1-7-3\include" /I"C:\OgreSDK_vc10_v1-7-3\include\OIS" /I"C:\OgreSDK_vc10_v1-7-3\include\OGRE" /I"C:\OgreSDK_vc10_v1-7-3\Samples\Common\include" /I"C:\OgreSDK_vc10_v1-7-3\boost_1_44" /IC:\hk2011_2_0_r1\Source /ZI /nologo /W3 /WX- /Od /Oy- /D WIN32 /D _DEBUG /D _WINDOWS /D _MBCS /Gm /EHsc /RTC1 /MDd /GS /Gy /fp:fast /Zc:wchar_t /Zc:forScope /GR /Fo"obj\Debug\\" /Fd"obj\Debug\vc100.pdb" /Gd /TP /analyze- /errorReport:prompt include\SphereObject.cpp src\BaseGameEntity.cpp src\BoxManager.cpp src\BoxObject.cpp src\ContactListener.cpp src\HKBodyFactory.cpp src\Physics.cpp src\Platform.cpp src\Player.cpp src\PressurePad.cpp src\RWMP5.cpp src\SphereManager.cpp src\timer.cpp src\UniqueIDGenerator.cpp
         UniqueIDGenerator.cpp
         timer.cpp
         SphereManager.cpp
         RWMP5.cpp
     1>c:\users\jons\desktop\rwmp5\rwmp5\rwmp5\src\rwmp5.cpp(333): warning C4482: nonstandard extension used: enum 'BoxObject::BOX_TYPE' used in qualified name
         PressurePad.cpp
     1>c:\users\jons\desktop\rwmp5\rwmp5\rwmp5\src\pressurepad.cpp(6): warning C4482: nonstandard extension used: enum 'BoxObject::BOX_TYPE' used in qualified name
     1>c:\users\jons\desktop\rwmp5\rwmp5\rwmp5\src\pressurepad.cpp(12): warning C4482: nonstandard extension used: enum 'BoxObject::BOX_TYPE' used in qualified name
         Player.cpp
         Platform.cpp
     1>c:\users\jons\desktop\rwmp5\rwmp5\rwmp5\src\platform.cpp(6): warning C4482: nonstandard extension used: enum 'BoxObject::BOX_TYPE' used in qualified name
     1>c:\users\jons\desktop\rwmp5\rwmp5\rwmp5\src\platform.cpp(12): warning C4482: nonstandard extension used: enum 'BoxObject::BOX_TYPE' used in qualified name
         Physics.cpp
         HKBodyFactory.cpp
     1>c:\users\jons\desktop\rwmp5\rwmp5\rwmp5\src\hkbodyfactory.cpp(25): warning C4244: 'argument' : conversion from 'double' to 'hkReal', possible loss of data
     1>c:\users\jons\desktop\rwmp5\rwmp5\rwmp5\src\hkbodyfactory.cpp(25): warning C4244: 'argument' : conversion from 'double' to 'hkReal', possible loss of data
     1>c:\users\jons\desktop\rwmp5\rwmp5\rwmp5\src\hkbodyfactory.cpp(25): warning C4244: 'argument' : conversion from 'double' to 'hkReal', possible loss of data
     1>c:\users\jons\desktop\rwmp5\rwmp5\rwmp5\src\hkbodyfactory.cpp(26): warning C4244: 'initializing' : conversion from 'double' to 'hkReal', possible loss of data
         ContactListener.cpp
         BoxObject.cpp
         BoxManager.cpp
         BaseGameEntity.cpp
         SphereObject.cpp
     1>c:\users\jons\desktop\rwmp5\rwmp5\rwmp5\include\sphereobject.cpp(4): warning C4482: nonstandard extension used: enum 'BaseGameEntity::ENTITYTYPE' used in qualified name
         Generating Code...
       ResourceCompile:
         C:\Program Files (x86)\Microsoft SDKs\Windows\v7.0A\bin\rc.exe /l"0x0409" /nologo /fo"obj\Debug\RWMP5.res" res\RWMP5.rc 
       ManifestResourceCompile:
         C:\Program Files (x86)\Microsoft SDKs\Windows\v7.0A\bin\rc.exe /nologo /fo"obj\Debug\RWMP5.exe.embed.manifest.res" obj\Debug\RWMP5_manifest.rc 
       Link:
         C:\Program Files (x86)\Microsoft Visual Studio 10.0\VC\bin\link.exe /ERRORREPORT:PROMPT /OUT:"bin\Debug\\RWMP5.exe" /INCREMENTAL /NOLOGO /LIBPATH:"C:\OgreSDK_vc10_v1-7-3\lib\debug" /LIBPATH:"C:\OgreSDK_vc10_v1-7-3\boost_1_44\lib" /LIBPATH:C:\hk2011_2_0_r1\Lib\win32_vs2010\debug_multithreaded_dll /LIBPATH:C:\hk2011_2_0_r1\Lib\win32_vs2010\debug_multithreaded OgreMain_d.lib OIS_d.lib hkBase.lib hkCompat.lib hkSceneData.lib hkSerialize.lib hkInternal.lib hkGeometryUtilities.lib hkVisualize.lib hkcdInternal.lib hkpCollide.lib hkpConstraintSolver.lib hkpDynamics.lib hkpInternal.lib hkpUtilities.lib hkpVehicle.lib kernel32.lib user32.lib gdi32.lib winspool.lib comdlg32.lib advapi32.lib shell32.lib ole32.lib oleaut32.lib uuid.lib odbc32.lib odbccp32.lib /MANIFEST /ManifestFile:"obj\Debug\RWMP5.exe.intermediate.manifest" /MANIFESTUAC:"level='asInvoker' uiAccess='false'" /DEBUG /PDB:"bin\Debug\/RWMP5.pdb" /SUBSYSTEM:WINDOWS /TLBID:1 /DYNAMICBASE /NXCOMPAT /IMPLIB:"bin\Debug\RWMP5.lib" /MACHINE:X86 obj\Debug\RWMP5.res
         obj\Debug\RWMP5.exe.embed.manifest.res
         obj\Debug\SphereObject.obj
         obj\Debug\BaseGameEntity.obj
         obj\Debug\BoxManager.obj
         obj\Debug\BoxObject.obj
         obj\Debug\ContactListener.obj
         obj\Debug\HKBodyFactory.obj
         obj\Debug\Physics.obj
         obj\Debug\Platform.obj
         obj\Debug\Player.obj
         obj\Debug\PressurePad.obj
         obj\Debug\RWMP5.obj
         obj\Debug\SphereManager.obj
         obj\Debug\timer.obj
         obj\Debug\UniqueIDGenerator.obj
       Manifest:
         C:\Program Files (x86)\Microsoft SDKs\Windows\v7.0A\bin\mt.exe /nologo /verbose /out:"obj\Debug\RWMP5.exe.embed.manifest" /manifest obj\Debug\RWMP5.exe.intermediate.manifest
         C:\Program Files (x86)\Microsoft SDKs\Windows\v7.0A\bin\rc.exe /nologo /fo"obj\Debug\RWMP5.exe.embed.manifest.res" obj\Debug\RWMP5_manifest.rc 
       LinkEmbedManifest:
         C:\Program Files (x86)\Microsoft Visual Studio 10.0\VC\bin\link.exe /ERRORREPORT:PROMPT /OUT:"bin\Debug\\RWMP5.exe" /INCREMENTAL /NOLOGO /LIBPATH:"C:\OgreSDK_vc10_v1-7-3\lib\debug" /LIBPATH:"C:\OgreSDK_vc10_v1-7-3\boost_1_44\lib" /LIBPATH:C:\hk2011_2_0_r1\Lib\win32_vs2010\debug_multithreaded_dll /LIBPATH:C:\hk2011_2_0_r1\Lib\win32_vs2010\debug_multithreaded OgreMain_d.lib OIS_d.lib hkBase.lib hkCompat.lib hkSceneData.lib hkSerialize.lib hkInternal.lib hkGeometryUtilities.lib hkVisualize.lib hkcdInternal.lib hkpCollide.lib hkpConstraintSolver.lib hkpDynamics.lib hkpInternal.lib hkpUtilities.lib hkpVehicle.lib kernel32.lib user32.lib gdi32.lib winspool.lib comdlg32.lib advapi32.lib shell32.lib ole32.lib oleaut32.lib uuid.lib odbc32.lib odbccp32.lib /MANIFEST /ManifestFile:"obj\Debug\RWMP5.exe.intermediate.manifest" /MANIFESTUAC:"level='asInvoker' uiAccess='false'" /DEBUG /PDB:"bin\Debug\/RWMP5.pdb" /SUBSYSTEM:WINDOWS /TLBID:1 /DYNAMICBASE /NXCOMPAT /IMPLIB:"bin\Debug\RWMP5.lib" /MACHINE:X86 obj\Debug\RWMP5.res
         obj\Debug\RWMP5.exe.embed.manifest.res
         obj\Debug\SphereObject.obj
         obj\Debug\BaseGameEntity.obj
         obj\Debug\BoxManager.obj
         obj\Debug\BoxObject.obj
         obj\Debug\ContactListener.obj
         obj\Debug\HKBodyFactory.obj
         obj\Debug\Physics.obj
         obj\Debug\Platform.obj
         obj\Debug\Player.obj
         obj\Debug\PressurePad.obj
         obj\Debug\RWMP5.obj
         obj\Debug\SphereManager.obj
         obj\Debug\timer.obj
         obj\Debug\UniqueIDGenerator.obj
         RWMP5.vcxproj -> C:\Users\Jons\Desktop\RWMP5\RWMP5\RWMP5\bin\Debug\RWMP5.exe
       PostBuildEvent:
         Description: Copying exe to samples bin directory ...
         copy "bin\Debug\\RWMP5.exe" "C:\OgreSDK_vc10_v1-7-3\Bin\Debug"
         :VCEnd
                 1 file(s) copied.
       FinalizeBuildStatus:
         Deleting file "obj\Debug\RWMP5.unsuccessfulbuild".
         Touching "obj\Debug\RWMP5.lastbuildstate".
     1>Done Building Project "C:\Users\Jons\Desktop\RWMP5\RWMP5\RWMP5\RWMP5.vcxproj" (build target(s)).

Build succeeded.

Time Elapsed 00:01:57.32
